<?xml version="1.0" encoding="UTF-8"?>
<coverage generated="1693197447010" clover="3.2.0">
  <project timestamp="1693197447011" name="All files">
    <metrics statements="67" coveredstatements="61" conditionals="10" coveredconditionals="9" methods="26" coveredmethods="23" elements="103" coveredelements="93" complexity="0" loc="67" ncloc="67" packages="5" files="7" classes="7"/>
    <package name="src">
      <metrics statements="1" coveredstatements="1" conditionals="0" coveredconditionals="0" methods="1" coveredmethods="1"/>
      <file name="App.jsx" path="/Users/manlo/dev/getflix/src/App.jsx">
        <metrics statements="1" coveredstatements="1" conditionals="0" coveredconditionals="0" methods="1" coveredmethods="1"/>
        <line num="5" count="1" type="stmt"/>
      </file>
    </package>
    <package name="src.__test__">
      <metrics statements="2" coveredstatements="2" conditionals="0" coveredconditionals="0" methods="2" coveredmethods="2"/>
      <file name="setupTests.js" path="/Users/manlo/dev/getflix/src/__test__/setupTests.js">
        <metrics statements="2" coveredstatements="2" conditionals="0" coveredconditionals="0" methods="2" coveredmethods="2"/>
        <line num="1" count="5" type="stmt"/>
        <line num="2" count="300" type="stmt"/>
      </file>
    </package>
    <package name="src.__test__.mockData">
      <metrics statements="3" coveredstatements="3" conditionals="0" coveredconditionals="0" methods="0" coveredmethods="0"/>
      <file name="mockData.js" path="/Users/manlo/dev/getflix/src/__test__/mockData/mockData.js">
        <metrics statements="3" coveredstatements="3" conditionals="0" coveredconditionals="0" methods="0" coveredmethods="0"/>
        <line num="1" count="3" type="stmt"/>
        <line num="35" count="3" type="stmt"/>
        <line num="41" count="3" type="stmt"/>
      </file>
    </package>
    <package name="src.components">
      <metrics statements="41" coveredstatements="38" conditionals="8" coveredconditionals="8" methods="17" coveredmethods="15"/>
      <file name="MovieDetails.jsx" path="/Users/manlo/dev/getflix/src/components/MovieDetails.jsx">
        <metrics statements="6" coveredstatements="6" conditionals="6" coveredconditionals="6" methods="2" coveredmethods="2"/>
        <line num="4" count="4" type="stmt"/>
        <line num="5" count="19" type="stmt"/>
        <line num="6" count="1" type="stmt"/>
        <line num="9" count="19" type="cond" truecount="4" falsecount="0"/>
        <line num="10" count="1" type="stmt"/>
        <line num="13" count="18" type="stmt"/>
      </file>
      <file name="MovieList.jsx" path="/Users/manlo/dev/getflix/src/components/MovieList.jsx">
        <metrics statements="21" coveredstatements="19" conditionals="2" coveredconditionals="2" methods="8" coveredmethods="7"/>
        <line num="5" count="3" type="stmt"/>
        <line num="6" count="15" type="stmt"/>
        <line num="7" count="15" type="stmt"/>
        <line num="8" count="15" type="stmt"/>
        <line num="10" count="15" type="stmt"/>
        <line num="15" count="14" type="stmt"/>
        <line num="22" count="14" type="stmt"/>
        <line num="32" count="15" type="stmt"/>
        <line num="40" count="15" type="stmt"/>
        <line num="47" count="15" type="stmt"/>
        <line num="48" count="2" type="stmt"/>
        <line num="49" count="2" type="stmt"/>
        <line num="51" count="2" type="stmt"/>
        <line num="52" count="2" type="stmt"/>
        <line num="53" count="2" type="stmt"/>
        <line num="55" count="2" type="stmt"/>
        <line num="58" count="2" type="stmt"/>
        <line num="59" count="2" type="stmt"/>
        <line num="62" count="0" type="stmt"/>
        <line num="63" count="0" type="stmt"/>
        <line num="67" count="15" type="stmt"/>
      </file>
      <file name="MovieSearch.jsx" path="/Users/manlo/dev/getflix/src/components/MovieSearch.jsx">
        <metrics statements="14" coveredstatements="13" conditionals="0" coveredconditionals="0" methods="7" coveredmethods="6"/>
        <line num="7" count="7" type="stmt"/>
        <line num="8" count="7" type="stmt"/>
        <line num="16" count="7" type="stmt"/>
        <line num="17" count="2" type="stmt"/>
        <line num="22" count="7" type="stmt"/>
        <line num="23" count="1" type="stmt"/>
        <line num="28" count="7" type="stmt"/>
        <line num="29" count="1" type="stmt"/>
        <line num="34" count="7" type="stmt"/>
        <line num="35" count="0" type="stmt"/>
        <line num="40" count="7" type="stmt"/>
        <line num="41" count="1" type="stmt"/>
        <line num="43" count="1" type="stmt"/>
        <line num="47" count="13" type="stmt"/>
      </file>
    </package>
    <package name="src.views">
      <metrics statements="20" coveredstatements="17" conditionals="2" coveredconditionals="1" methods="6" coveredmethods="5"/>
      <file name="MovieSearchView.jsx" path="/Users/manlo/dev/getflix/src/views/MovieSearchView.jsx">
        <metrics statements="20" coveredstatements="17" conditionals="2" coveredconditionals="1" methods="6" coveredmethods="5"/>
        <line num="8" count="3" type="stmt"/>
        <line num="9" count="3" type="stmt"/>
        <line num="15" count="3" type="stmt"/>
        <line num="18" count="3" type="stmt"/>
        <line num="19" count="1" type="stmt"/>
        <line num="21" count="1" type="stmt"/>
        <line num="33" count="1" type="stmt"/>
        <line num="34" count="1" type="stmt"/>
        <line num="36" count="1" type="stmt"/>
        <line num="39" count="1" type="cond" truecount="1" falsecount="1"/>
        <line num="40" count="0" type="stmt"/>
        <line num="45" count="1" type="stmt"/>
        <line num="46" count="1" type="stmt"/>
        <line num="48" count="1" type="stmt"/>
        <line num="49" count="3" type="stmt"/>
        <line num="50" count="3" type="stmt"/>
        <line num="52" count="1" type="stmt"/>
        <line num="59" count="0" type="stmt"/>
        <line num="60" count="0" type="stmt"/>
        <line num="65" count="5" type="stmt"/>
      </file>
    </package>
  </project>
</coverage>
