{"/Users/manlo/dev/getflix/src/App.jsx": {"path":"/Users/manlo/dev/getflix/src/App.jsx","statementMap":{"0":{"start":{"line":5,"column":2},"end":{"line":9,"column":4}}},"fnMap":{"0":{"name":"App","decl":{"start":{"line":4,"column":24},"end":{"line":4,"column":27}},"loc":{"start":{"line":4,"column":30},"end":{"line":10,"column":1}},"line":4}},"branchMap":{},"s":{"0":1},"f":{"0":1},"b":{},"_coverageSchema":"1a1c01bbd47fc00a2c39e90264f33305004495a9","hash":"9c8449caac4638eecd4e8df4103e6ed117159fe4"}
,"/Users/manlo/dev/getflix/src/__test__/setupTests.js": {"path":"/Users/manlo/dev/getflix/src/__test__/setupTests.js","statementMap":{"0":{"start":{"line":1,"column":23},"end":{"line":12,"column":1}},"1":{"start":{"line":2,"column":1},"end":{"line":11,"column":4}},"2":{"start":{"line":2,"column":33},"end":{"line":11,"column":2}}},"fnMap":{"0":{"name":"(anonymous_0)","decl":{"start":{"line":1,"column":23},"end":{"line":1,"column":24}},"loc":{"start":{"line":1,"column":29},"end":{"line":12,"column":1}},"line":1},"1":{"name":"(anonymous_1)","decl":{"start":{"line":2,"column":21},"end":{"line":2,"column":22}},"loc":{"start":{"line":2,"column":33},"end":{"line":11,"column":2}},"line":2}},"branchMap":{},"s":{"0":5,"1":5,"2":300},"f":{"0":5,"1":300},"b":{},"_coverageSchema":"1a1c01bbd47fc00a2c39e90264f33305004495a9","hash":"b5ff3f66006ea0b11da4d012b33320efc0555694"}
,"/Users/manlo/dev/getflix/src/__test__/mockData/mockData.js": {"path":"/Users/manlo/dev/getflix/src/__test__/mockData/mockData.js","statementMap":{"0":{"start":{"line":1,"column":24},"end":{"line":33,"column":1}},"1":{"start":{"line":35,"column":29},"end":{"line":38,"column":1}},"2":{"start":{"line":41,"column":21},"end":{"line":49,"column":1}}},"fnMap":{},"branchMap":{},"s":{"0":3,"1":3,"2":3},"f":{},"b":{},"_coverageSchema":"1a1c01bbd47fc00a2c39e90264f33305004495a9","hash":"0d22d20049ebe9a61382a0d4e5eff31d2fe1a000"}
,"/Users/manlo/dev/getflix/src/components/MovieDetails.jsx": {"path":"/Users/manlo/dev/getflix/src/components/MovieDetails.jsx","statementMap":{"0":{"start":{"line":4,"column":21},"end":{"line":81,"column":1}},"1":{"start":{"line":5,"column":17},"end":{"line":7,"column":2}},"2":{"start":{"line":6,"column":2},"end":{"line":6,"column":17}},"3":{"start":{"line":9,"column":1},"end":{"line":11,"column":2}},"4":{"start":{"line":10,"column":2},"end":{"line":10,"column":29}},"5":{"start":{"line":13,"column":1},"end":{"line":80,"column":3}}},"fnMap":{"0":{"name":"(anonymous_0)","decl":{"start":{"line":4,"column":21},"end":{"line":4,"column":22}},"loc":{"start":{"line":4,"column":62},"end":{"line":81,"column":1}},"line":4},"1":{"name":"(anonymous_1)","decl":{"start":{"line":5,"column":17},"end":{"line":5,"column":18}},"loc":{"start":{"line":5,"column":23},"end":{"line":7,"column":2}},"line":5}},"branchMap":{"0":{"loc":{"start":{"line":9,"column":1},"end":{"line":11,"column":2}},"type":"if","locations":[{"start":{"line":9,"column":1},"end":{"line":11,"column":2}},{"start":{"line":9,"column":1},"end":{"line":11,"column":2}}],"line":9},"1":{"loc":{"start":{"line":9,"column":5},"end":{"line":9,"column":34}},"type":"binary-expr","locations":[{"start":{"line":9,"column":5},"end":{"line":9,"column":24}},{"start":{"line":9,"column":28},"end":{"line":9,"column":34}}],"line":9},"2":{"loc":{"start":{"line":15,"column":4},"end":{"line":78,"column":4}},"type":"cond-expr","locations":[{"start":{"line":16,"column":4},"end":{"line":18,"column":11}},{"start":{"line":20,"column":4},"end":{"line":77,"column":10}}],"line":15}},"s":{"0":4,"1":19,"2":1,"3":19,"4":1,"5":18},"f":{"0":19,"1":1},"b":{"0":[1,18],"1":[19,18],"2":[4,14]},"_coverageSchema":"1a1c01bbd47fc00a2c39e90264f33305004495a9","hash":"cdb00d4164b999e14431e771660a5c1bd3e9ed3f"}
,"/Users/manlo/dev/getflix/src/components/MovieList.jsx": {"path":"/Users/manlo/dev/getflix/src/components/MovieList.jsx","statementMap":{"0":{"start":{"line":5,"column":18},"end":{"line":77,"column":1}},"1":{"start":{"line":6,"column":27},"end":{"line":6,"column":42}},"2":{"start":{"line":7,"column":29},"end":{"line":7,"column":41}},"3":{"start":{"line":8,"column":35},"end":{"line":8,"column":52}},"4":{"start":{"line":10,"column":17},"end":{"line":30,"column":2}},"5":{"start":{"line":15,"column":26},"end":{"line":15,"column":86}},"6":{"start":{"line":15,"column":44},"end":{"line":15,"column":66}},"7":{"start":{"line":22,"column":4},"end":{"line":22,"column":99}},"8":{"start":{"line":32,"column":18},"end":{"line":38,"column":2}},"9":{"start":{"line":40,"column":16},"end":{"line":45,"column":2}},"10":{"start":{"line":47,"column":17},"end":{"line":65,"column":2}},"11":{"start":{"line":48,"column":14},"end":{"line":48,"column":39}},"12":{"start":{"line":49,"column":26},"end":{"line":49,"column":66}},"13":{"start":{"line":51,"column":2},"end":{"line":51,"column":16}},"14":{"start":{"line":52,"column":2},"end":{"line":52,"column":19}},"15":{"start":{"line":53,"column":2},"end":{"line":64,"column":6}},"16":{"start":{"line":55,"column":4},"end":{"line":55,"column":22}},"17":{"start":{"line":58,"column":4},"end":{"line":58,"column":19}},"18":{"start":{"line":59,"column":4},"end":{"line":59,"column":22}},"19":{"start":{"line":62,"column":4},"end":{"line":62,"column":21}},"20":{"start":{"line":63,"column":4},"end":{"line":63,"column":22}},"21":{"start":{"line":67,"column":1},"end":{"line":76,"column":3}}},"fnMap":{"0":{"name":"(anonymous_0)","decl":{"start":{"line":5,"column":18},"end":{"line":5,"column":19}},"loc":{"start":{"line":5,"column":50},"end":{"line":77,"column":1}},"line":5},"1":{"name":"(anonymous_1)","decl":{"start":{"line":15,"column":11},"end":{"line":15,"column":12}},"loc":{"start":{"line":15,"column":26},"end":{"line":15,"column":86}},"line":15},"2":{"name":"(anonymous_2)","decl":{"start":{"line":15,"column":38},"end":{"line":15,"column":39}},"loc":{"start":{"line":15,"column":44},"end":{"line":15,"column":66}},"line":15},"3":{"name":"(anonymous_3)","decl":{"start":{"line":21,"column":11},"end":{"line":21,"column":12}},"loc":{"start":{"line":22,"column":4},"end":{"line":22,"column":99}},"line":22},"4":{"name":"(anonymous_4)","decl":{"start":{"line":47,"column":17},"end":{"line":47,"column":18}},"loc":{"start":{"line":47,"column":35},"end":{"line":65,"column":2}},"line":47},"5":{"name":"(anonymous_5)","decl":{"start":{"line":54,"column":9},"end":{"line":54,"column":10}},"loc":{"start":{"line":54,"column":18},"end":{"line":56,"column":4}},"line":54},"6":{"name":"(anonymous_6)","decl":{"start":{"line":57,"column":9},"end":{"line":57,"column":10}},"loc":{"start":{"line":57,"column":19},"end":{"line":60,"column":4}},"line":57},"7":{"name":"(anonymous_7)","decl":{"start":{"line":61,"column":10},"end":{"line":61,"column":11}},"loc":{"start":{"line":61,"column":19},"end":{"line":64,"column":4}},"line":61}},"branchMap":{"0":{"loc":{"start":{"line":69,"column":4},"end":{"line":73,"column":4}},"type":"cond-expr","locations":[{"start":{"line":70,"column":4},"end":{"line":70,"column":69}},{"start":{"line":72,"column":4},"end":{"line":72,"column":70}}],"line":69}},"s":{"0":3,"1":15,"2":15,"3":15,"4":15,"5":14,"6":2,"7":14,"8":15,"9":15,"10":15,"11":2,"12":2,"13":2,"14":2,"15":2,"16":2,"17":2,"18":2,"19":0,"20":0,"21":15},"f":{"0":15,"1":14,"2":2,"3":14,"4":2,"5":2,"6":2,"7":0},"b":{"0":[14,1]},"_coverageSchema":"1a1c01bbd47fc00a2c39e90264f33305004495a9","hash":"d52f2b2eb4f5434196a53770cb38bb5c4fd99247"}
,"/Users/manlo/dev/getflix/src/components/MovieSearch.jsx": {"path":"/Users/manlo/dev/getflix/src/components/MovieSearch.jsx","statementMap":{"0":{"start":{"line":7,"column":2},"end":{"line":7,"column":15}},"1":{"start":{"line":8,"column":2},"end":{"line":13,"column":4}},"2":{"start":{"line":16,"column":20},"end":{"line":20,"column":2}},"3":{"start":{"line":17,"column":2},"end":{"line":19,"column":5}},"4":{"start":{"line":22,"column":21},"end":{"line":26,"column":2}},"5":{"start":{"line":23,"column":2},"end":{"line":25,"column":5}},"6":{"start":{"line":28,"column":20},"end":{"line":32,"column":2}},"7":{"start":{"line":29,"column":2},"end":{"line":31,"column":5}},"8":{"start":{"line":34,"column":20},"end":{"line":38,"column":2}},"9":{"start":{"line":35,"column":2},"end":{"line":37,"column":5}},"10":{"start":{"line":40,"column":17},"end":{"line":44,"column":2}},"11":{"start":{"line":41,"column":24},"end":{"line":41,"column":34}},"12":{"start":{"line":43,"column":2},"end":{"line":43,"column":24}},"13":{"start":{"line":47,"column":2},"end":{"line":95,"column":4}}},"fnMap":{"0":{"name":"(anonymous_0)","decl":{"start":{"line":6,"column":1},"end":{"line":6,"column":2}},"loc":{"start":{"line":6,"column":20},"end":{"line":14,"column":2}},"line":6},"1":{"name":"(anonymous_1)","decl":{"start":{"line":16,"column":20},"end":{"line":16,"column":21}},"loc":{"start":{"line":16,"column":31},"end":{"line":20,"column":2}},"line":16},"2":{"name":"(anonymous_2)","decl":{"start":{"line":22,"column":21},"end":{"line":22,"column":22}},"loc":{"start":{"line":22,"column":32},"end":{"line":26,"column":2}},"line":22},"3":{"name":"(anonymous_3)","decl":{"start":{"line":28,"column":20},"end":{"line":28,"column":21}},"loc":{"start":{"line":28,"column":31},"end":{"line":32,"column":2}},"line":28},"4":{"name":"(anonymous_4)","decl":{"start":{"line":34,"column":20},"end":{"line":34,"column":21}},"loc":{"start":{"line":34,"column":31},"end":{"line":38,"column":2}},"line":34},"5":{"name":"(anonymous_5)","decl":{"start":{"line":40,"column":17},"end":{"line":40,"column":18}},"loc":{"start":{"line":40,"column":23},"end":{"line":44,"column":2}},"line":40},"6":{"name":"(anonymous_6)","decl":{"start":{"line":46,"column":1},"end":{"line":46,"column":2}},"loc":{"start":{"line":46,"column":10},"end":{"line":96,"column":2}},"line":46}},"branchMap":{},"s":{"0":7,"1":7,"2":7,"3":2,"4":7,"5":1,"6":7,"7":1,"8":7,"9":0,"10":7,"11":1,"12":1,"13":13},"f":{"0":7,"1":2,"2":1,"3":1,"4":0,"5":1,"6":13},"b":{},"_coverageSchema":"1a1c01bbd47fc00a2c39e90264f33305004495a9","hash":"5caf941c30fa3e54c8da0d88a7fdc74f2b871393"}
,"/Users/manlo/dev/getflix/src/views/MovieSearchView.jsx": {"path":"/Users/manlo/dev/getflix/src/views/MovieSearchView.jsx","statementMap":{"0":{"start":{"line":8,"column":2},"end":{"line":8,"column":15}},"1":{"start":{"line":9,"column":2},"end":{"line":13,"column":4}},"2":{"start":{"line":15,"column":2},"end":{"line":15,"column":51}},"3":{"start":{"line":18,"column":16},"end":{"line":62,"column":2}},"4":{"start":{"line":19,"column":14},"end":{"line":19,"column":39}},"5":{"start":{"line":21,"column":3},"end":{"line":31,"column":13}},"6":{"start":{"line":33,"column":2},"end":{"line":33,"column":35}},"7":{"start":{"line":34,"column":2},"end":{"line":61,"column":6}},"8":{"start":{"line":36,"column":4},"end":{"line":36,"column":23}},"9":{"start":{"line":39,"column":4},"end":{"line":56,"column":5}},"10":{"start":{"line":40,"column":5},"end":{"line":43,"column":8}},"11":{"start":{"line":45,"column":18},"end":{"line":45,"column":20}},"12":{"start":{"line":46,"column":32},"end":{"line":46,"column":50}},"13":{"start":{"line":48,"column":5},"end":{"line":51,"column":6}},"14":{"start":{"line":48,"column":18},"end":{"line":48,"column":19}},"15":{"start":{"line":49,"column":6},"end":{"line":49,"column":29}},"16":{"start":{"line":50,"column":6},"end":{"line":50,"column":34}},"17":{"start":{"line":52,"column":5},"end":{"line":55,"column":8}},"18":{"start":{"line":59,"column":4},"end":{"line":59,"column":21}},"19":{"start":{"line":60,"column":4},"end":{"line":60,"column":38}},"20":{"start":{"line":65,"column":2},"end":{"line":74,"column":4}}},"fnMap":{"0":{"name":"(anonymous_0)","decl":{"start":{"line":7,"column":1},"end":{"line":7,"column":2}},"loc":{"start":{"line":7,"column":20},"end":{"line":16,"column":2}},"line":7},"1":{"name":"(anonymous_1)","decl":{"start":{"line":18,"column":16},"end":{"line":18,"column":17}},"loc":{"start":{"line":18,"column":33},"end":{"line":62,"column":2}},"line":18},"2":{"name":"(anonymous_2)","decl":{"start":{"line":35,"column":9},"end":{"line":35,"column":10}},"loc":{"start":{"line":35,"column":19},"end":{"line":37,"column":4}},"line":35},"3":{"name":"(anonymous_3)","decl":{"start":{"line":38,"column":9},"end":{"line":38,"column":10}},"loc":{"start":{"line":38,"column":19},"end":{"line":57,"column":4}},"line":38},"4":{"name":"(anonymous_4)","decl":{"start":{"line":58,"column":10},"end":{"line":58,"column":11}},"loc":{"start":{"line":58,"column":19},"end":{"line":61,"column":4}},"line":58},"5":{"name":"(anonymous_5)","decl":{"start":{"line":64,"column":1},"end":{"line":64,"column":2}},"loc":{"start":{"line":64,"column":10},"end":{"line":75,"column":2}},"line":64}},"branchMap":{"0":{"loc":{"start":{"line":39,"column":4},"end":{"line":56,"column":5}},"type":"if","locations":[{"start":{"line":39,"column":4},"end":{"line":56,"column":5}},{"start":{"line":39,"column":4},"end":{"line":56,"column":5}}],"line":39}},"s":{"0":3,"1":3,"2":3,"3":3,"4":1,"5":1,"6":1,"7":1,"8":1,"9":1,"10":0,"11":1,"12":1,"13":1,"14":1,"15":3,"16":3,"17":1,"18":0,"19":0,"20":5},"f":{"0":3,"1":1,"2":1,"3":1,"4":0,"5":5},"b":{"0":[0,1]},"_coverageSchema":"1a1c01bbd47fc00a2c39e90264f33305004495a9","hash":"0a8f560722bf7e55c9dd46ee04017aed2a9e1af5"}
}
