TN:
SF:src/App.jsx
FN:4,App
FNF:1
FNH:1
FNDA:1,App
DA:5,1
LF:1
LH:1
BRF:0
BRH:0
end_of_record
TN:
SF:src/__test__/setupTests.js
FN:1,(anonymous_0)
FN:2,(anonymous_1)
FNF:2
FNH:2
FNDA:5,(anonymous_0)
FNDA:300,(anonymous_1)
DA:1,5
DA:2,300
LF:2
LH:2
BRF:0
BRH:0
end_of_record
TN:
SF:src/__test__/mockData/mockData.js
FNF:0
FNH:0
DA:1,3
DA:35,3
DA:41,3
LF:3
LH:3
BRF:0
BRH:0
end_of_record
TN:
SF:src/components/MovieDetails.jsx
FN:4,(anonymous_0)
FN:5,(anonymous_1)
FNF:2
FNH:2
FNDA:19,(anonymous_0)
FNDA:1,(anonymous_1)
DA:4,4
DA:5,19
DA:6,1
DA:9,19
DA:10,1
DA:13,18
LF:6
LH:6
BRDA:9,0,0,1
BRDA:9,0,1,18
BRDA:9,1,0,19
BRDA:9,1,1,18
BRDA:15,2,0,4
BRDA:15,2,1,14
BRF:6
BRH:6
end_of_record
TN:
SF:src/components/MovieList.jsx
FN:5,(anonymous_0)
FN:15,(anonymous_1)
FN:15,(anonymous_2)
FN:21,(anonymous_3)
FN:47,(anonymous_4)
FN:54,(anonymous_5)
FN:57,(anonymous_6)
FN:61,(anonymous_7)
FNF:8
FNH:7
FNDA:15,(anonymous_0)
FNDA:14,(anonymous_1)
FNDA:2,(anonymous_2)
FNDA:14,(anonymous_3)
FNDA:2,(anonymous_4)
FNDA:2,(anonymous_5)
FNDA:2,(anonymous_6)
FNDA:0,(anonymous_7)
DA:5,3
DA:6,15
DA:7,15
DA:8,15
DA:10,15
DA:15,14
DA:22,14
DA:32,15
DA:40,15
DA:47,15
DA:48,2
DA:49,2
DA:51,2
DA:52,2
DA:53,2
DA:55,2
DA:58,2
DA:59,2
DA:62,0
DA:63,0
DA:67,15
LF:21
LH:19
BRDA:69,0,0,14
BRDA:69,0,1,1
BRF:2
BRH:2
end_of_record
TN:
SF:src/components/MovieSearch.jsx
FN:6,(anonymous_0)
FN:16,(anonymous_1)
FN:22,(anonymous_2)
FN:28,(anonymous_3)
FN:34,(anonymous_4)
FN:40,(anonymous_5)
FN:46,(anonymous_6)
FNF:7
FNH:6
FNDA:7,(anonymous_0)
FNDA:2,(anonymous_1)
FNDA:1,(anonymous_2)
FNDA:1,(anonymous_3)
FNDA:0,(anonymous_4)
FNDA:1,(anonymous_5)
FNDA:13,(anonymous_6)
DA:7,7
DA:8,7
DA:16,7
DA:17,2
DA:22,7
DA:23,1
DA:28,7
DA:29,1
DA:34,7
DA:35,0
DA:40,7
DA:41,1
DA:43,1
DA:47,13
LF:14
LH:13
BRF:0
BRH:0
end_of_record
TN:
SF:src/views/MovieSearchView.jsx
FN:7,(anonymous_0)
FN:18,(anonymous_1)
FN:35,(anonymous_2)
FN:38,(anonymous_3)
FN:58,(anonymous_4)
FN:64,(anonymous_5)
FNF:6
FNH:5
FNDA:3,(anonymous_0)
FNDA:1,(anonymous_1)
FNDA:1,(anonymous_2)
FNDA:1,(anonymous_3)
FNDA:0,(anonymous_4)
FNDA:5,(anonymous_5)
DA:8,3
DA:9,3
DA:15,3
DA:18,3
DA:19,1
DA:21,1
DA:33,1
DA:34,1
DA:36,1
DA:39,1
DA:40,0
DA:45,1
DA:46,1
DA:48,1
DA:49,3
DA:50,3
DA:52,1
DA:59,0
DA:60,0
DA:65,5
LF:20
LH:17
BRDA:39,0,0,0
BRDA:39,0,1,1
BRF:2
BRH:1
end_of_record
